
Showing logs for build [32mcb-kubecd-environment-pr-202-5-8q2p9-1[0m stage [32mfrom-build-pack[0m and container [32mstep-credential-initializer-d8jmg[0m
{"level":"info","ts":1587015909.809059,"logger":"fallback-logger","caller":"logging/config.go:69","msg":"Fetch GitHub commit ID from kodata failed: open /var/run/ko/refs/heads/0.8.0-ns-support: no such file or directory"}
{"level":"info","ts":1587015909.8097029,"logger":"fallback-logger","caller":"creds-init/main.go:40","msg":"Credentials initialized."}

Showing logs for build [32mcb-kubecd-environment-pr-202-5-8q2p9-1[0m stage [32mfrom-build-pack[0m and container [32mstep-working-dir-initializer-q92g4[0m
{"level":"info","ts":1587015911.2718582,"logger":"fallback-logger","caller":"logging/config.go:69","msg":"Fetch GitHub commit ID from kodata failed: open /var/run/ko/HEAD: no such file or directory"}
{"level":"info","ts":1587015911.2735887,"logger":"fallback-logger","caller":"bash/main.go:64","msg":"Successfully executed command \"sh -c mkdir -p /workspace/source\"; output "}

Showing logs for build [32mcb-kubecd-environment-pr-202-5-8q2p9-1[0m stage [32mfrom-build-pack[0m and container [32mstep-place-tools[0m

Showing logs for build [32mcb-kubecd-environment-pr-202-5-8q2p9-1[0m stage [32mfrom-build-pack[0m and container [32mstep-git-source-cb-kubecd-environment-pr-202-5-8q2p9-jcgkh[0m
{"level":"info","ts":1587015915.5005186,"logger":"fallback-logger","caller":"logging/config.go:69","msg":"Fetch GitHub commit ID from kodata failed: open /var/run/ko/refs/heads/0.8.0-ns-support: no such file or directory"}
{"level":"info","ts":1587015916.5358288,"logger":"fallback-logger","caller":"git/git.go:103","msg":"Successfully cloned https://github.com/cb-kubecd/environment-pr-202-5-boot-gke-staging.git @ master in path /workspace/source"}

Showing logs for build [32mcb-kubecd-environment-pr-202-5-8q2p9-1[0m stage [32mfrom-build-pack[0m and container [32mstep-git-merge[0m
Using SHAs from PULL_REFS=master:562de0b67bf23743cbcec871d6548c4a1dd70b8a,7:884a68ee3264e47412c1b2c4c2670423d78f8337
DEBUG: LC_ALL=C JX_LOG_LEVEL=error git fetch origin --unshallow 884a68ee3264e47412c1b2c4c2670423d78f8337: 562de0b67bf23743cbcec871d6548c4a1dd70b8a:
DEBUG: ran git fetch --unshallow origin 884a68ee3264e47412c1b2c4c2670423d78f8337: 562de0b67bf23743cbcec871d6548c4a1dd70b8a: in 
DEBUG: LC_ALL=C JX_LOG_LEVEL=error git branch
DEBUG: LC_ALL=C JX_LOG_LEVEL=error git checkout master
DEBUG: ran git checkout master in 
DEBUG: LC_ALL=C JX_LOG_LEVEL=error git reset --hard 562de0b67bf23743cbcec871d6548c4a1dd70b8a
DEBUG: ran git reset --hard 562de0b67bf23743cbcec871d6548c4a1dd70b8a in 
DEBUG: LC_ALL=C JX_LOG_LEVEL=error git clean -fd .
DEBUG: ran clean --force -d . in 
DEBUG: JX_LOG_LEVEL=error LC_ALL=C git merge 884a68ee3264e47412c1b2c4c2670423d78f8337
DEBUG: ran git merge 884a68ee3264e47412c1b2c4c2670423d78f8337 in 
DEBUG: LC_ALL=C JX_LOG_LEVEL=error git log --format=%H%x1f%an%x1f%ae%x1f%cn%x1f%ce%x1f%s%n%b%x1e 562de0b67bf23743cbcec871d6548c4a1dd70b8a..HEAD
Merged SHA 884a68ee3264e47412c1b2c4c2670423d78f8337 with commit message 'chore: Promote bdd-nh-import-1587014669 to version 0.0.1' into base branch master

Showing logs for build [32mcb-kubecd-environment-pr-202-5-8q2p9-1[0m stage [32mfrom-build-pack[0m and container [32mstep-build-helm-build[0m
WARNING: No $CHART_REPOSITORY defined so using the default value of: http://jenkins-x-chartmuseum:8080
Adding missing Helm repo: storage.googleapis.com https://storage.googleapis.com/chartmuseum.jenkins-x.io
WARNING: No secrets found on "helm/repos" due: reading the secret "helm/repos" from vault: no secret "helm/repos" not found in vault
Read credentials for https://storage.googleapis.com/chartmuseum.jenkins-x.io from vault helm/repos
Successfully added Helm repository storage.googleapis.com.
Adding missing Helm repo: jenkins-x-chartmuseum http://jenkins-x-chartmuseum:8080
WARNING: No secrets found on "helm/repos" due: reading the secret "helm/repos" from vault: no secret "helm/repos" not found in vault
Read credentials for http://jenkins-x-chartmuseum:8080 from vault helm/repos
Successfully added Helm repository jenkins-x-chartmuseum.
WARNING: No $CHART_REPOSITORY defined so using the default value of: http://jenkins-x-chartmuseum:8080
Adding missing Helm repo: chartmuseum.jenkins-x.io http://chartmuseum.jenkins-x.io
WARNING: No secrets found on "helm/repos" due: reading the secret "helm/repos" from vault: no secret "helm/repos" not found in vault
Read credentials for http://chartmuseum.jenkins-x.io from vault helm/repos
Successfully added Helm repository chartmuseum.jenkins-x.io.
