
Showing logs for build [32mcb-kubecd-environment-pr-202-5-pspz7-1[0m stage [32mfrom-build-pack[0m and container [32mstep-credential-initializer-bgfrp[0m
{"level":"info","ts":1587011557.0650907,"logger":"fallback-logger","caller":"logging/config.go:69","msg":"Fetch GitHub commit ID from kodata failed: open /var/run/ko/refs/heads/0.8.0-ns-support: no such file or directory"}
{"level":"info","ts":1587011557.066674,"logger":"fallback-logger","caller":"creds-init/main.go:40","msg":"Credentials initialized."}

Showing logs for build [32mcb-kubecd-environment-pr-202-5-pspz7-1[0m stage [32mfrom-build-pack[0m and container [32mstep-working-dir-initializer-zwlt4[0m
{"level":"info","ts":1587011557.9015388,"logger":"fallback-logger","caller":"logging/config.go:69","msg":"Fetch GitHub commit ID from kodata failed: open /var/run/ko/HEAD: no such file or directory"}
{"level":"info","ts":1587011557.9090643,"logger":"fallback-logger","caller":"bash/main.go:64","msg":"Successfully executed command \"sh -c mkdir -p /workspace/source\"; output "}

Showing logs for build [32mcb-kubecd-environment-pr-202-5-pspz7-1[0m stage [32mfrom-build-pack[0m and container [32mstep-place-tools[0m

Showing logs for build [32mcb-kubecd-environment-pr-202-5-pspz7-1[0m stage [32mfrom-build-pack[0m and container [32mstep-git-source-cb-kubecd-environment-pr-202-5-pspz7-49x86[0m
{"level":"info","ts":1587011583.9368901,"logger":"fallback-logger","caller":"logging/config.go:69","msg":"Fetch GitHub commit ID from kodata failed: open /var/run/ko/refs/heads/0.8.0-ns-support: no such file or directory"}
{"level":"info","ts":1587011585.1658719,"logger":"fallback-logger","caller":"git/git.go:103","msg":"Successfully cloned https://github.com/cb-kubecd/environment-pr-202-5-boot-gke-staging.git @ master in path /workspace/source"}

Showing logs for build [32mcb-kubecd-environment-pr-202-5-pspz7-1[0m stage [32mfrom-build-pack[0m and container [32mstep-git-merge[0m
Using SHAs from PULL_REFS=master:ea4e96fba7d6e91cd9b572243a24161432f77f9d,1:8c5f1e75301f0930d4b34a593c4e112b54e1f09f
DEBUG: LC_ALL=C JX_LOG_LEVEL=error git fetch origin --unshallow 8c5f1e75301f0930d4b34a593c4e112b54e1f09f: ea4e96fba7d6e91cd9b572243a24161432f77f9d:
DEBUG: ran git fetch --unshallow origin 8c5f1e75301f0930d4b34a593c4e112b54e1f09f: ea4e96fba7d6e91cd9b572243a24161432f77f9d: in 
DEBUG: JX_LOG_LEVEL=error LC_ALL=C git branch
DEBUG: JX_LOG_LEVEL=error LC_ALL=C git checkout master
DEBUG: ran git checkout master in 
DEBUG: LC_ALL=C JX_LOG_LEVEL=error git reset --hard ea4e96fba7d6e91cd9b572243a24161432f77f9d
DEBUG: ran git reset --hard ea4e96fba7d6e91cd9b572243a24161432f77f9d in 
DEBUG: JX_LOG_LEVEL=error LC_ALL=C git clean -fd .
DEBUG: ran clean --force -d . in 
DEBUG: LC_ALL=C JX_LOG_LEVEL=error git merge 8c5f1e75301f0930d4b34a593c4e112b54e1f09f
DEBUG: ran git merge 8c5f1e75301f0930d4b34a593c4e112b54e1f09f in 
DEBUG: LC_ALL=C JX_LOG_LEVEL=error git log --format=%H%x1f%an%x1f%ae%x1f%cn%x1f%ce%x1f%s%n%b%x1e ea4e96fba7d6e91cd9b572243a24161432f77f9d..HEAD
Merged SHA 8c5f1e75301f0930d4b34a593c4e112b54e1f09f with commit message 'chore: Promote bdd-spring-1587011155 to version 0.0.1' into base branch master

Showing logs for build [32mcb-kubecd-environment-pr-202-5-pspz7-1[0m stage [32mfrom-build-pack[0m and container [32mstep-build-helm-build[0m
WARNING: No $CHART_REPOSITORY defined so using the default value of: http://jenkins-x-chartmuseum:8080
Adding missing Helm repo: storage.googleapis.com https://storage.googleapis.com/chartmuseum.jenkins-x.io
WARNING: No secrets found on "helm/repos" due: reading the secret "helm/repos" from vault: no secret "helm/repos" not found in vault
Read credentials for https://storage.googleapis.com/chartmuseum.jenkins-x.io from vault helm/repos
Successfully added Helm repository storage.googleapis.com.
Adding missing Helm repo: jenkins-x-chartmuseum http://jenkins-x-chartmuseum:8080
WARNING: No secrets found on "helm/repos" due: reading the secret "helm/repos" from vault: no secret "helm/repos" not found in vault
Read credentials for http://jenkins-x-chartmuseum:8080 from vault helm/repos
Successfully added Helm repository jenkins-x-chartmuseum.
WARNING: No $CHART_REPOSITORY defined so using the default value of: http://jenkins-x-chartmuseum:8080
Adding missing Helm repo: chartmuseum.jenkins-x.io http://chartmuseum.jenkins-x.io
WARNING: No secrets found on "helm/repos" due: reading the secret "helm/repos" from vault: no secret "helm/repos" not found in vault
Read credentials for http://chartmuseum.jenkins-x.io from vault helm/repos
Successfully added Helm repository chartmuseum.jenkins-x.io.
