
Showing logs for build [32mcb-kubecd-environment-pr-202-5-sx26b-1[0m stage [32mfrom-build-pack[0m and container [32mstep-credential-initializer-kdbbc[0m
{"level":"info","ts":1587012629.265177,"logger":"fallback-logger","caller":"logging/config.go:69","msg":"Fetch GitHub commit ID from kodata failed: open /var/run/ko/refs/heads/0.8.0-ns-support: no such file or directory"}
{"level":"info","ts":1587012629.2686913,"logger":"fallback-logger","caller":"creds-init/main.go:40","msg":"Credentials initialized."}

Showing logs for build [32mcb-kubecd-environment-pr-202-5-sx26b-1[0m stage [32mfrom-build-pack[0m and container [32mstep-working-dir-initializer-jwlwt[0m
{"level":"info","ts":1587012630.0064387,"logger":"fallback-logger","caller":"logging/config.go:69","msg":"Fetch GitHub commit ID from kodata failed: open /var/run/ko/HEAD: no such file or directory"}
{"level":"info","ts":1587012630.0108488,"logger":"fallback-logger","caller":"bash/main.go:64","msg":"Successfully executed command \"sh -c mkdir -p /workspace/source\"; output "}

Showing logs for build [32mcb-kubecd-environment-pr-202-5-sx26b-1[0m stage [32mfrom-build-pack[0m and container [32mstep-place-tools[0m

Showing logs for build [32mcb-kubecd-environment-pr-202-5-sx26b-1[0m stage [32mfrom-build-pack[0m and container [32mstep-git-source-cb-kubecd-environment-pr-202-5-sx26b-95hnz[0m
{"level":"info","ts":1587012636.2386672,"logger":"fallback-logger","caller":"logging/config.go:69","msg":"Fetch GitHub commit ID from kodata failed: open /var/run/ko/refs/heads/0.8.0-ns-support: no such file or directory"}
{"level":"info","ts":1587012637.3980823,"logger":"fallback-logger","caller":"git/git.go:103","msg":"Successfully cloned https://github.com/cb-kubecd/environment-pr-202-5-boot-gke-staging.git @ master in path /workspace/source"}

Showing logs for build [32mcb-kubecd-environment-pr-202-5-sx26b-1[0m stage [32mfrom-build-pack[0m and container [32mstep-git-merge[0m
Using SHAs from PULL_REFS=master:30b5b281b6162ea0d34be2e3bc6ea516d19048b0,2:83204148492cbe9ea2aa93090276ebdcb9e6c86f
DEBUG: LC_ALL=C JX_LOG_LEVEL=error git fetch origin --unshallow 83204148492cbe9ea2aa93090276ebdcb9e6c86f: 30b5b281b6162ea0d34be2e3bc6ea516d19048b0:
DEBUG: ran git fetch --unshallow origin 83204148492cbe9ea2aa93090276ebdcb9e6c86f: 30b5b281b6162ea0d34be2e3bc6ea516d19048b0: in 
DEBUG: LC_ALL=C JX_LOG_LEVEL=error git branch
DEBUG: LC_ALL=C JX_LOG_LEVEL=error git checkout master
DEBUG: ran git checkout master in 
DEBUG: LC_ALL=C JX_LOG_LEVEL=error git reset --hard 30b5b281b6162ea0d34be2e3bc6ea516d19048b0
DEBUG: ran git reset --hard 30b5b281b6162ea0d34be2e3bc6ea516d19048b0 in 
DEBUG: LC_ALL=C JX_LOG_LEVEL=error git clean -fd .
DEBUG: ran clean --force -d . in 
DEBUG: LC_ALL=C JX_LOG_LEVEL=error git merge 83204148492cbe9ea2aa93090276ebdcb9e6c86f
DEBUG: ran git merge 83204148492cbe9ea2aa93090276ebdcb9e6c86f in 
DEBUG: LC_ALL=C JX_LOG_LEVEL=error git log --format=%H%x1f%an%x1f%ae%x1f%cn%x1f%ce%x1f%s%n%b%x1e 30b5b281b6162ea0d34be2e3bc6ea516d19048b0..HEAD
Merged SHA 83204148492cbe9ea2aa93090276ebdcb9e6c86f with commit message 'chore: Promote bdd-nh-1587012322 to version 0.0.1' into base branch master

Showing logs for build [32mcb-kubecd-environment-pr-202-5-sx26b-1[0m stage [32mfrom-build-pack[0m and container [32mstep-build-helm-build[0m
WARNING: No $CHART_REPOSITORY defined so using the default value of: http://jenkins-x-chartmuseum:8080
Adding missing Helm repo: storage.googleapis.com https://storage.googleapis.com/chartmuseum.jenkins-x.io
WARNING: No secrets found on "helm/repos" due: reading the secret "helm/repos" from vault: no secret "helm/repos" not found in vault
Read credentials for https://storage.googleapis.com/chartmuseum.jenkins-x.io from vault helm/repos
Successfully added Helm repository storage.googleapis.com.
Adding missing Helm repo: jenkins-x-chartmuseum http://jenkins-x-chartmuseum:8080
WARNING: No secrets found on "helm/repos" due: reading the secret "helm/repos" from vault: no secret "helm/repos" not found in vault
Read credentials for http://jenkins-x-chartmuseum:8080 from vault helm/repos
Successfully added Helm repository jenkins-x-chartmuseum.
WARNING: No $CHART_REPOSITORY defined so using the default value of: http://jenkins-x-chartmuseum:8080
Adding missing Helm repo: chartmuseum.jenkins-x.io http://chartmuseum.jenkins-x.io
WARNING: No secrets found on "helm/repos" due: reading the secret "helm/repos" from vault: no secret "helm/repos" not found in vault
Read credentials for http://chartmuseum.jenkins-x.io from vault helm/repos
Successfully added Helm repository chartmuseum.jenkins-x.io.
