
Showing logs for build [32mcb-kubecd-environment-pr-202-5-lrkzm-1[0m stage [32mfrom-build-pack[0m and container [32mstep-credential-initializer-t5wbk[0m
{"level":"info","ts":1587014137.5047886,"logger":"fallback-logger","caller":"logging/config.go:69","msg":"Fetch GitHub commit ID from kodata failed: open /var/run/ko/refs/heads/0.8.0-ns-support: no such file or directory"}
{"level":"info","ts":1587014137.5054393,"logger":"fallback-logger","caller":"creds-init/main.go:40","msg":"Credentials initialized."}

Showing logs for build [32mcb-kubecd-environment-pr-202-5-lrkzm-1[0m stage [32mfrom-build-pack[0m and container [32mstep-working-dir-initializer-p8ccj[0m
{"level":"info","ts":1587014138.4984527,"logger":"fallback-logger","caller":"logging/config.go:69","msg":"Fetch GitHub commit ID from kodata failed: open /var/run/ko/HEAD: no such file or directory"}
{"level":"info","ts":1587014138.499798,"logger":"fallback-logger","caller":"bash/main.go:64","msg":"Successfully executed command \"sh -c mkdir -p /workspace/source\"; output "}

Showing logs for build [32mcb-kubecd-environment-pr-202-5-lrkzm-1[0m stage [32mfrom-build-pack[0m and container [32mstep-place-tools[0m

Showing logs for build [32mcb-kubecd-environment-pr-202-5-lrkzm-1[0m stage [32mfrom-build-pack[0m and container [32mstep-git-source-cb-kubecd-environment-pr-202-5-lrkzm-pv972[0m
{"level":"info","ts":1587014142.6950955,"logger":"fallback-logger","caller":"logging/config.go:69","msg":"Fetch GitHub commit ID from kodata failed: open /var/run/ko/refs/heads/0.8.0-ns-support: no such file or directory"}
{"level":"info","ts":1587014143.7419016,"logger":"fallback-logger","caller":"git/git.go:103","msg":"Successfully cloned https://github.com/cb-kubecd/environment-pr-202-5-boot-gke-staging.git @ master in path /workspace/source"}

Showing logs for build [32mcb-kubecd-environment-pr-202-5-lrkzm-1[0m stage [32mfrom-build-pack[0m and container [32mstep-git-merge[0m
Using SHAs from PULL_REFS=master:451ba89fbd0014cc722a521baaa5fe5d6fb0cd5b,4:1bfb9425dbd4b67a44b016706395ca05f55073c2
DEBUG: LC_ALL=C JX_LOG_LEVEL=error git fetch origin --unshallow 1bfb9425dbd4b67a44b016706395ca05f55073c2: 451ba89fbd0014cc722a521baaa5fe5d6fb0cd5b:
DEBUG: ran git fetch --unshallow origin 1bfb9425dbd4b67a44b016706395ca05f55073c2: 451ba89fbd0014cc722a521baaa5fe5d6fb0cd5b: in 
DEBUG: LC_ALL=C JX_LOG_LEVEL=error git branch
DEBUG: LC_ALL=C JX_LOG_LEVEL=error git checkout master
DEBUG: ran git checkout master in 
DEBUG: JX_LOG_LEVEL=error LC_ALL=C git reset --hard 451ba89fbd0014cc722a521baaa5fe5d6fb0cd5b
DEBUG: ran git reset --hard 451ba89fbd0014cc722a521baaa5fe5d6fb0cd5b in 
DEBUG: LC_ALL=C JX_LOG_LEVEL=error git clean -fd .
DEBUG: ran clean --force -d . in 
DEBUG: LC_ALL=C JX_LOG_LEVEL=error git merge 1bfb9425dbd4b67a44b016706395ca05f55073c2
DEBUG: ran git merge 1bfb9425dbd4b67a44b016706395ca05f55073c2 in 
DEBUG: LC_ALL=C JX_LOG_LEVEL=error git log --format=%H%x1f%an%x1f%ae%x1f%cn%x1f%ce%x1f%s%n%b%x1e 451ba89fbd0014cc722a521baaa5fe5d6fb0cd5b..HEAD
Merged SHA 1bfb9425dbd4b67a44b016706395ca05f55073c2 with commit message 'chore: Promote bdd-gh-1587012322 to version 0.0.1' into base branch master

Showing logs for build [32mcb-kubecd-environment-pr-202-5-lrkzm-1[0m stage [32mfrom-build-pack[0m and container [32mstep-build-helm-build[0m
WARNING: No $CHART_REPOSITORY defined so using the default value of: http://jenkins-x-chartmuseum:8080
Adding missing Helm repo: storage.googleapis.com https://storage.googleapis.com/chartmuseum.jenkins-x.io
WARNING: No secrets found on "helm/repos" due: reading the secret "helm/repos" from vault: no secret "helm/repos" not found in vault
Read credentials for https://storage.googleapis.com/chartmuseum.jenkins-x.io from vault helm/repos
Successfully added Helm repository storage.googleapis.com.
Adding missing Helm repo: jenkins-x-chartmuseum http://jenkins-x-chartmuseum:8080
WARNING: No secrets found on "helm/repos" due: reading the secret "helm/repos" from vault: no secret "helm/repos" not found in vault
Read credentials for http://jenkins-x-chartmuseum:8080 from vault helm/repos
Successfully added Helm repository jenkins-x-chartmuseum.
WARNING: No $CHART_REPOSITORY defined so using the default value of: http://jenkins-x-chartmuseum:8080
Adding missing Helm repo: chartmuseum.jenkins-x.io http://chartmuseum.jenkins-x.io
WARNING: No secrets found on "helm/repos" due: reading the secret "helm/repos" from vault: no secret "helm/repos" not found in vault
Read credentials for http://chartmuseum.jenkins-x.io from vault helm/repos
Successfully added Helm repository chartmuseum.jenkins-x.io.
