
Showing logs for build [32mcb-kubecd-environment-pr-202-5-n5fld-1[0m stage [32mfrom-build-pack[0m and container [32mstep-credential-initializer-8khcb[0m
{"level":"info","ts":1587015491.1418762,"logger":"fallback-logger","caller":"logging/config.go:69","msg":"Fetch GitHub commit ID from kodata failed: open /var/run/ko/refs/heads/0.8.0-ns-support: no such file or directory"}
{"level":"info","ts":1587015491.142429,"logger":"fallback-logger","caller":"creds-init/main.go:40","msg":"Credentials initialized."}

Showing logs for build [32mcb-kubecd-environment-pr-202-5-n5fld-1[0m stage [32mfrom-build-pack[0m and container [32mstep-working-dir-initializer-jgvk4[0m
{"level":"info","ts":1587015492.0046391,"logger":"fallback-logger","caller":"logging/config.go:69","msg":"Fetch GitHub commit ID from kodata failed: open /var/run/ko/HEAD: no such file or directory"}
{"level":"info","ts":1587015492.0132487,"logger":"fallback-logger","caller":"bash/main.go:64","msg":"Successfully executed command \"sh -c mkdir -p /workspace/source\"; output "}

Showing logs for build [32mcb-kubecd-environment-pr-202-5-n5fld-1[0m stage [32mfrom-build-pack[0m and container [32mstep-place-tools[0m

Showing logs for build [32mcb-kubecd-environment-pr-202-5-n5fld-1[0m stage [32mfrom-build-pack[0m and container [32mstep-git-source-cb-kubecd-environment-pr-202-5-n5fld-25bkp[0m
{"level":"info","ts":1587015496.2036495,"logger":"fallback-logger","caller":"logging/config.go:69","msg":"Fetch GitHub commit ID from kodata failed: open /var/run/ko/refs/heads/0.8.0-ns-support: no such file or directory"}
{"level":"info","ts":1587015497.243805,"logger":"fallback-logger","caller":"git/git.go:103","msg":"Successfully cloned https://github.com/cb-kubecd/environment-pr-202-5-boot-gke-staging.git @ master in path /workspace/source"}

Showing logs for build [32mcb-kubecd-environment-pr-202-5-n5fld-1[0m stage [32mfrom-build-pack[0m and container [32mstep-git-merge[0m
Using SHAs from PULL_REFS=master:443005a7b8884ff8518ec13cf4dfcfb8c82b7afb,6:c2c830c50690c919ea803325b617c71634b96808
DEBUG: LC_ALL=C JX_LOG_LEVEL=error git fetch origin --unshallow c2c830c50690c919ea803325b617c71634b96808: 443005a7b8884ff8518ec13cf4dfcfb8c82b7afb:
DEBUG: ran git fetch --unshallow origin c2c830c50690c919ea803325b617c71634b96808: 443005a7b8884ff8518ec13cf4dfcfb8c82b7afb: in 
DEBUG: LC_ALL=C JX_LOG_LEVEL=error git branch
DEBUG: LC_ALL=C JX_LOG_LEVEL=error git checkout master
DEBUG: ran git checkout master in 
DEBUG: JX_LOG_LEVEL=error LC_ALL=C git reset --hard 443005a7b8884ff8518ec13cf4dfcfb8c82b7afb
DEBUG: ran git reset --hard 443005a7b8884ff8518ec13cf4dfcfb8c82b7afb in 
DEBUG: JX_LOG_LEVEL=error LC_ALL=C git clean -fd .
DEBUG: ran clean --force -d . in 
DEBUG: LC_ALL=C JX_LOG_LEVEL=error git merge c2c830c50690c919ea803325b617c71634b96808
DEBUG: ran git merge c2c830c50690c919ea803325b617c71634b96808 in 
DEBUG: LC_ALL=C JX_LOG_LEVEL=error git log --format=%H%x1f%an%x1f%ae%x1f%cn%x1f%ce%x1f%s%n%b%x1e 443005a7b8884ff8518ec13cf4dfcfb8c82b7afb..HEAD
Merged SHA c2c830c50690c919ea803325b617c71634b96808 with commit message 'chore: Promote bdd-sbhg-import-1587014669 to version 0.0.1' into base branch master

Showing logs for build [32mcb-kubecd-environment-pr-202-5-n5fld-1[0m stage [32mfrom-build-pack[0m and container [32mstep-build-helm-build[0m
WARNING: No $CHART_REPOSITORY defined so using the default value of: http://jenkins-x-chartmuseum:8080
Adding missing Helm repo: storage.googleapis.com https://storage.googleapis.com/chartmuseum.jenkins-x.io
WARNING: No secrets found on "helm/repos" due: reading the secret "helm/repos" from vault: no secret "helm/repos" not found in vault
Read credentials for https://storage.googleapis.com/chartmuseum.jenkins-x.io from vault helm/repos
Successfully added Helm repository storage.googleapis.com.
Adding missing Helm repo: jenkins-x-chartmuseum http://jenkins-x-chartmuseum:8080
WARNING: No secrets found on "helm/repos" due: reading the secret "helm/repos" from vault: no secret "helm/repos" not found in vault
Read credentials for http://jenkins-x-chartmuseum:8080 from vault helm/repos
Successfully added Helm repository jenkins-x-chartmuseum.
WARNING: No $CHART_REPOSITORY defined so using the default value of: http://jenkins-x-chartmuseum:8080
Adding missing Helm repo: chartmuseum.jenkins-x.io http://chartmuseum.jenkins-x.io
WARNING: No secrets found on "helm/repos" due: reading the secret "helm/repos" from vault: no secret "helm/repos" not found in vault
Read credentials for http://chartmuseum.jenkins-x.io from vault helm/repos
Successfully added Helm repository chartmuseum.jenkins-x.io.
